
Showing logs for build [32mcb-kubecd-environment-pr-187-12-l9q2h-1[0m stage [32mfrom-build-pack[0m and container [32mstep-credential-initializer-tcm46[0m
{"level":"warn","ts":1584975129.7487638,"logger":"fallback-logger","caller":"logging/config.go:69","msg":"Fetch GitHub commit ID from kodata failed: \"ref: refs/heads/0.8.0-**-support-backwards-incompats\" is not a valid GitHub commit ID"}
{"level":"info","ts":1584975129.749188,"logger":"fallback-logger","caller":"creds-init/main.go:40","msg":"Credentials initialized."}

Showing logs for build [32mcb-kubecd-environment-pr-187-12-l9q2h-1[0m stage [32mfrom-build-pack[0m and container [32mstep-working-dir-initializer-m7c2t[0m
{"level":"warn","ts":1584975130.670176,"logger":"fallback-logger","caller":"logging/config.go:69","msg":"Fetch GitHub commit ID from kodata failed: open /var/run/ko/HEAD: no such file or directory"}
{"level":"info","ts":1584975130.6709285,"logger":"fallback-logger","caller":"bash/main.go:64","msg":"Successfully executed command \"sh -c mkdir -p /workspace/source\"; output "}

Showing logs for build [32mcb-kubecd-environment-pr-187-12-l9q2h-1[0m stage [32mfrom-build-pack[0m and container [32mstep-place-tools[0m

Showing logs for build [32mcb-kubecd-environment-pr-187-12-l9q2h-1[0m stage [32mfrom-build-pack[0m and container [32mstep-git-source-cb-kubecd-environment-pr-187-12-l9q2h-tgqt9[0m
{"level":"warn","ts":1584975134.820295,"logger":"fallback-logger","caller":"logging/config.go:69","msg":"Fetch GitHub commit ID from kodata failed: \"ref: refs/heads/0.8.0-**-support-backwards-incompats\" is not a valid GitHub commit ID"}
{"level":"info","ts":1584975134.995259,"logger":"fallback-logger","caller":"git/git.go:103","msg":"Successfully cloned https://github.com/cb-kubecd/environment-pr-187-123-boot-eks-staging.git @ master in path /workspace/source"}

Showing logs for build [32mcb-kubecd-environment-pr-187-12-l9q2h-1[0m stage [32mfrom-build-pack[0m and container [32mstep-git-merge[0m
Using SHAs from PULL_REFS=master:467e4c9f18a46ea03f7e47fbdd5556e28b761a8a,1:38cdbe85c023628094a747c1a3a24ba64117034d
DEBUG: LC_ALL=C JX_LOG_LEVEL=error git fetch origin --unshallow 38cdbe85c023628094a747c1a3a24ba64117034d: 467e4c9f18a46ea03f7e47fbdd5556e28b761a8a:
DEBUG: ran git fetch --unshallow origin 38cdbe85c023628094a747c1a3a24ba64117034d: 467e4c9f18a46ea03f7e47fbdd5556e28b761a8a: in 
DEBUG: JX_LOG_LEVEL=error LC_ALL=C git branch
DEBUG: LC_ALL=C JX_LOG_LEVEL=error git checkout master
DEBUG: ran git checkout master in 
DEBUG: LC_ALL=C JX_LOG_LEVEL=error git reset --hard 467e4c9f18a46ea03f7e47fbdd5556e28b761a8a
DEBUG: ran git reset --hard 467e4c9f18a46ea03f7e47fbdd5556e28b761a8a in 
DEBUG: LC_ALL=C JX_LOG_LEVEL=error git clean -fd .
DEBUG: ran clean --force -d . in 
DEBUG: LC_ALL=C JX_LOG_LEVEL=error git merge 38cdbe85c023628094a747c1a3a24ba64117034d
DEBUG: ran git merge 38cdbe85c023628094a747c1a3a24ba64117034d in 
DEBUG: LC_ALL=C JX_LOG_LEVEL=error git log --format=%H%x1f%an%x1f%ae%x1f%cn%x1f%ce%x1f%s%n%b%x1e 467e4c9f18a46ea03f7e47fbdd5556e28b761a8a..HEAD
Merged SHA 38cdbe85c023628094a747c1a3a24ba64117034d with commit message 'chore: Promote bdd-spring-1584974522 to version 0.0.1' into base branch master

Showing logs for build [32mcb-kubecd-environment-pr-187-12-l9q2h-1[0m stage [32mfrom-build-pack[0m and container [32mstep-build-helm-build[0m
WARNING: No $CHART_REPOSITORY defined so using the default value of: http://jenkins-x-chartmuseum:8080
Adding missing Helm repo: storage.googleapis.com https://storage.googleapis.com/chartmuseum.jenkins-x.io
WARNING: No secrets found on "helm/repos" due: reading the secret "helm/repos" from vault: no secret "helm/repos" not found in vault
Read credentials for https://storage.googleapis.com/chartmuseum.jenkins-x.io from vault helm/repos
Successfully added Helm repository storage.googleapis.com.
Adding missing Helm repo: jenkins-x-chartmuseum http://jenkins-x-chartmuseum:8080
WARNING: No secrets found on "helm/repos" due: reading the secret "helm/repos" from vault: no secret "helm/repos" not found in vault
Read credentials for http://jenkins-x-chartmuseum:8080 from vault helm/repos
Successfully added Helm repository jenkins-x-chartmuseum.
WARNING: No $CHART_REPOSITORY defined so using the default value of: http://jenkins-x-chartmuseum:8080
Adding missing Helm repo: chartmuseum.jenkins-x.io http://chartmuseum.jenkins-x.io
WARNING: No secrets found on "helm/repos" due: reading the secret "helm/repos" from vault: no secret "helm/repos" not found in vault
Read credentials for http://chartmuseum.jenkins-x.io from vault helm/repos
Successfully added Helm repository chartmuseum.jenkins-x.io.
